<?xml version="1.0" encoding="UTF-8"?>
<!-- Generated by org.testng.reporters.JUnitReportReporter -->
<testsuite name="testsuite.testcase" tests="1" time="4.393" ignored="0" failures="0" timestamp="05 Feb 2018 05:51:43 GMT" skipped="0" hostname="SYS141" errors="0">
  <testcase name="test" time="4.393" classname="testsuite.testcase"/>
</testsuite> <!-- testsuite.testcase -->
